<?xml version="1.0" encoding="UTF-8"?>
<testng-results skipped="0" failed="0" ignored="0" total="2" passed="2">
  <reporter-output>
  </reporter-output>
  <suite name="ActiTimeTests" duration-ms="39115" started-at="2022-09-09T17:01:48 IST" finished-at="2022-09-09T17:02:27 IST">
    <groups>
    </groups>
    <test name="LoginSmokeSuite" duration-ms="39115" started-at="2022-09-09T17:01:48 IST" finished-at="2022-09-09T17:02:27 IST">
      <class name="com.actitime.tests.Login">
        <test-method status="PASS" signature="beoreTest()[pri:0, instance:com.actitime.tests.Login@8646db9]" name="beoreTest" is-config="true" duration-ms="8" started-at="2022-09-09T17:01:49 IST" finished-at="2022-09-09T17:01:49 IST">
          <reporter-output>
          </reporter-output>
        </test-method> <!-- beoreTest -->
        <test-method status="PASS" signature="beforeClass()[pri:0, instance:com.actitime.tests.Login@8646db9]" name="beforeClass" is-config="true" duration-ms="0" started-at="2022-09-09T17:01:49 IST" finished-at="2022-09-09T17:01:49 IST">
          <reporter-output>
          </reporter-output>
        </test-method> <!-- beforeClass -->
        <test-method status="PASS" signature="launchApplication()[pri:0, instance:com.actitime.tests.Login@8646db9]" name="launchApplication" is-config="true" duration-ms="18462" started-at="2022-09-09T17:01:49 IST" finished-at="2022-09-09T17:02:08 IST">
          <reporter-output>
          </reporter-output>
        </test-method> <!-- launchApplication -->
        <test-method status="PASS" signature="login_001()[pri:0, instance:com.actitime.tests.Login@8646db9]" name="login_001" duration-ms="4618" started-at="2022-09-09T17:02:08 IST" finished-at="2022-09-09T17:02:13 IST">
          <reporter-output>
          </reporter-output>
        </test-method> <!-- login_001 -->
        <test-method status="PASS" signature="closeBrowser()[pri:0, instance:com.actitime.tests.Login@8646db9]" name="closeBrowser" is-config="true" duration-ms="777" started-at="2022-09-09T17:02:13 IST" finished-at="2022-09-09T17:02:13 IST">
          <reporter-output>
          </reporter-output>
        </test-method> <!-- closeBrowser -->
        <test-method status="PASS" signature="launchApplication()[pri:0, instance:com.actitime.tests.Login@8646db9]" name="launchApplication" is-config="true" duration-ms="9290" started-at="2022-09-09T17:02:13 IST" finished-at="2022-09-09T17:02:23 IST">
          <reporter-output>
          </reporter-output>
        </test-method> <!-- launchApplication -->
        <test-method status="PASS" signature="login_002()[pri:0, instance:com.actitime.tests.Login@8646db9]" name="login_002" duration-ms="4042" started-at="2022-09-09T17:02:23 IST" finished-at="2022-09-09T17:02:27 IST">
          <reporter-output>
          </reporter-output>
        </test-method> <!-- login_002 -->
        <test-method status="PASS" signature="closeBrowser()[pri:0, instance:com.actitime.tests.Login@8646db9]" name="closeBrowser" is-config="true" duration-ms="738" started-at="2022-09-09T17:02:27 IST" finished-at="2022-09-09T17:02:27 IST">
          <reporter-output>
          </reporter-output>
        </test-method> <!-- closeBrowser -->
        <test-method status="PASS" signature="afterClass()[pri:0, instance:com.actitime.tests.Login@8646db9]" name="afterClass" is-config="true" duration-ms="1" started-at="2022-09-09T17:02:27 IST" finished-at="2022-09-09T17:02:27 IST">
          <reporter-output>
          </reporter-output>
        </test-method> <!-- afterClass -->
        <test-method status="PASS" signature="afterTest()[pri:0, instance:com.actitime.tests.Login@8646db9]" name="afterTest" is-config="true" duration-ms="1" started-at="2022-09-09T17:02:27 IST" finished-at="2022-09-09T17:02:27 IST">
          <reporter-output>
          </reporter-output>
        </test-method> <!-- afterTest -->
      </class> <!-- com.actitime.tests.Login -->
    </test> <!-- LoginSmokeSuite -->
  </suite> <!-- ActiTimeTests -->
</testng-results>
