<?xml version="1.0" encoding="UTF-8"?>
<!-- Generated by org.testng.reporters.JUnitReportReporter -->
<testsuite skipped="0" hostname="SUDHAPAT-IN" name="com.actitime.tests.Login" tests="2" failures="0" timestamp="2022-09-09T17:02:28 IST" time="37.927" errors="0">
  <testcase name="login_002" time="14.109" classname="com.actitime.tests.Login"/>
  <system-out/>
  <testcase name="login_001" time="23.818" classname="com.actitime.tests.Login"/>
  <system-out/>
</testsuite> <!-- com.actitime.tests.Login -->
